update_file_list.c > socket = 33455
Status: 0
filename: 'data.zip'
filesize: 11673
Status: 0
filename: 'game.apk'
filesize: 131129310
Exec monitor_directory
update_file_list.c > socket = 36699
Status: 0
filename: 'data.zip'
filesize: 11673
Status: 0
filename: 'game.apk'
filesize: 131129310
Exec monitor_directory
Index server > n_files: 0
Index server > n_files: 0
Index server > n_files: 0
Index server > n_files: 0
update_file_list.c > socket = 60667
Status: 0
filename: 'data.zip'
filesize: 11673
Status: 0
filename: 'game.apk'
filesize: 131129310
Exec monitor_directory
update_file_list.c > socket = 50699
Status: 0
filename: 'data.zip'
filesize: 11673
Status: 0
filename: 'game.apk'
filesize: 131129310
Exec monitor_directory
Status: 0
filename: 'data.zip'
filesize: 11673
Status: 1
filename: 'game.apk'
filesize: 131129310
127.0.0.1:49852 > Sending 'game.apk' done
update_file_list.c > socket = 54427
Status: 0
filename: 'data.zip'
filesize: 11673
Status: 0
filename: 'game.apk'
filesize: 131129310
Exec monitor_directory
Index server > n_files: 0
