update_file_list.c > dataPort = 56813
new file: hello1.txt
fs[n_fs].filename: hello1.txt
filesize: 17
new file: hello2.txt
fs[n_fs].filename: hello2.txt
filesize: 17
sending info of 'hello1.txt'
status: 0
filename_length: 11
filename_length: 2816 (big endian)
filename: 'hello1.txt'
filesize: 17
filesize: 285212672 (big endian)
sending info of 'hello2.txt'
status: 0
filename_length: 11
filename_length: 2816 (big endian)
filename: 'hello2.txt'
filesize: 17
filesize: 285212672 (big endian)
exec monitor_directory
index server > list_files_response
index server > n_files: 2
index server > filename_length: 11
index server > filename: hello1.txt
index server > filename_length: 11
index server > filename: hello2.txt
